{"message":"Listen port 3000","level":"info"}
{"message":"connected to mongodb...","level":"info"}
{"message":"Listen port 3000","level":"info"}
{"message":"connected to mongodb...","level":"info"}
{"message":"Listen port 3000","level":"info"}
{"message":"connected to mongodb...","level":"info"}
{"message":"Listen port 3000","level":"info"}
{"message":"connected to mongodb...","level":"info"}
{"level":"error","message":"News is not a constructorNews is not a constructor","stack":"TypeError: News is not a constructor\n    at router.post (/Users/patronous1/Documents/shubham/Node with mongo/node-basic-code/routes/news.js:12:18)\n    at newFn (/Users/patronous1/Documents/shubham/Node with mongo/node-basic-code/node_modules/express-async-errors/index.js:16:20)\n    at Layer.handle [as handle_request] (/Users/patronous1/Documents/shubham/Node with mongo/node-basic-code/node_modules/express/lib/router/layer.js:95:5)\n    at next (/Users/patronous1/Documents/shubham/Node with mongo/node-basic-code/node_modules/express/lib/router/route.js:137:13)\n    at module.exports (/Users/patronous1/Documents/shubham/Node with mongo/node-basic-code/middleware/auth.middleware.js:12:9)\n    at newFn (/Users/patronous1/Documents/shubham/Node with mongo/node-basic-code/node_modules/express-async-errors/index.js:16:20)\n    at Layer.handle [as handle_request] (/Users/patronous1/Documents/shubham/Node with mongo/node-basic-code/node_modules/express/lib/router/layer.js:95:5)\n    at next (/Users/patronous1/Documents/shubham/Node with mongo/node-basic-code/node_modules/express/lib/router/route.js:137:13)\n    at Route.dispatch (/Users/patronous1/Documents/shubham/Node with mongo/node-basic-code/node_modules/express/lib/router/route.js:112:3)\n    at newFn (/Users/patronous1/Documents/shubham/Node with mongo/node-basic-code/node_modules/express-async-errors/index.js:16:20)\n    at Layer.handle [as handle_request] (/Users/patronous1/Documents/shubham/Node with mongo/node-basic-code/node_modules/express/lib/router/layer.js:95:5)\n    at /Users/patronous1/Documents/shubham/Node with mongo/node-basic-code/node_modules/express/lib/router/index.js:281:22\n    at Function.process_params (/Users/patronous1/Documents/shubham/Node with mongo/node-basic-code/node_modules/express/lib/router/index.js:335:12)\n    at next (/Users/patronous1/Documents/shubham/Node with mongo/node-basic-code/node_modules/express/lib/router/index.js:275:10)\n    at Function.handle (/Users/patronous1/Documents/shubham/Node with mongo/node-basic-code/node_modules/express/lib/router/index.js:174:3)\n    at router (/Users/patronous1/Documents/shubham/Node with mongo/node-basic-code/node_modules/express/lib/router/index.js:47:12)"}
{"message":"Listen port 3000","level":"info"}
{"message":"connected to mongodb...","level":"info"}
{"level":"error","message":"News is not a constructorNews is not a constructor","stack":"TypeError: News is not a constructor\n    at router.post (/Users/patronous1/Documents/shubham/Node with mongo/node-basic-code/routes/news.js:13:18)\n    at newFn (/Users/patronous1/Documents/shubham/Node with mongo/node-basic-code/node_modules/express-async-errors/index.js:16:20)\n    at Layer.handle [as handle_request] (/Users/patronous1/Documents/shubham/Node with mongo/node-basic-code/node_modules/express/lib/router/layer.js:95:5)\n    at next (/Users/patronous1/Documents/shubham/Node with mongo/node-basic-code/node_modules/express/lib/router/route.js:137:13)\n    at module.exports (/Users/patronous1/Documents/shubham/Node with mongo/node-basic-code/middleware/auth.middleware.js:12:9)\n    at newFn (/Users/patronous1/Documents/shubham/Node with mongo/node-basic-code/node_modules/express-async-errors/index.js:16:20)\n    at Layer.handle [as handle_request] (/Users/patronous1/Documents/shubham/Node with mongo/node-basic-code/node_modules/express/lib/router/layer.js:95:5)\n    at next (/Users/patronous1/Documents/shubham/Node with mongo/node-basic-code/node_modules/express/lib/router/route.js:137:13)\n    at Route.dispatch (/Users/patronous1/Documents/shubham/Node with mongo/node-basic-code/node_modules/express/lib/router/route.js:112:3)\n    at newFn (/Users/patronous1/Documents/shubham/Node with mongo/node-basic-code/node_modules/express-async-errors/index.js:16:20)\n    at Layer.handle [as handle_request] (/Users/patronous1/Documents/shubham/Node with mongo/node-basic-code/node_modules/express/lib/router/layer.js:95:5)\n    at /Users/patronous1/Documents/shubham/Node with mongo/node-basic-code/node_modules/express/lib/router/index.js:281:22\n    at Function.process_params (/Users/patronous1/Documents/shubham/Node with mongo/node-basic-code/node_modules/express/lib/router/index.js:335:12)\n    at next (/Users/patronous1/Documents/shubham/Node with mongo/node-basic-code/node_modules/express/lib/router/index.js:275:10)\n    at Function.handle (/Users/patronous1/Documents/shubham/Node with mongo/node-basic-code/node_modules/express/lib/router/index.js:174:3)\n    at router (/Users/patronous1/Documents/shubham/Node with mongo/node-basic-code/node_modules/express/lib/router/index.js:47:12)"}
{"message":"Listen port 3000","level":"info"}
{"message":"connected to mongodb...","level":"info"}
{"message":"Listen port 3000","level":"info"}
{"message":"connected to mongodb...","level":"info"}
{"message":"Listen port 3000","level":"info"}
{"message":"connected to mongodb...","level":"info"}
{"message":"Listen port 3000","level":"info"}
{"message":"connected to mongodb...","level":"info"}
{"message":"Listen port 3000","level":"info"}
{"message":"connected to mongodb...","level":"info"}
{"message":"Listen port 3000","level":"info"}
{"message":"connected to mongodb...","level":"info"}
{"message":"Listen port 3000","level":"info"}
{"message":"connected to mongodb...","level":"info"}
{"message":"Listen port 3000","level":"info"}
{"message":"connected to mongodb...","level":"info"}
{"message":"Listen port 3000","level":"info"}
{"message":"connected to mongodb...","level":"info"}
{"message":"Listen port 3000","level":"info"}
{"message":"connected to mongodb...","level":"info"}
{"message":"Listen port 3000","level":"info"}
{"message":"connected to mongodb...","level":"info"}
{"message":"Listen port 3000","level":"info"}
{"message":"connected to mongodb...","level":"info"}
{"message":"Listen port 3000","level":"info"}
{"message":"connected to mongodb...","level":"info"}
{"message":"Listen port 3000","level":"info"}
{"message":"connected to mongodb...","level":"info"}
{"message":"Listen port 3000","level":"info"}
{"message":"connected to mongodb...","level":"info"}
{"message":"Listen port 3000","level":"info"}
{"message":"connected to mongodb...","level":"info"}
{"message":"Listen port 3000","level":"info"}
{"message":"connected to mongodb...","level":"info"}
{"message":"Listen port 3000","level":"info"}
{"message":"connected to mongodb...","level":"info"}
{"message":"Listen port 3000","level":"info"}
{"message":"connected to mongodb...","level":"info"}
{"message":"Listen port 3000","level":"info"}
{"message":"connected to mongodb...","level":"info"}
{"message":"Listen port 3000","level":"info"}
{"message":"connected to mongodb...","level":"info"}
{"message":"Listen port 3000","level":"info"}
{"message":"connected to mongodb...","level":"info"}
{"message":"Listen port 3000","level":"info"}
{"message":"connected to mongodb...","level":"info"}
{"message":"Listen port 3000","level":"info"}
{"message":"connected to mongodb...","level":"info"}
{"message":"Listen port 3000","level":"info"}
{"message":"connected to mongodb...","level":"info"}
{"message":"Listen port 3000","level":"info"}
{"message":"connected to mongodb...","level":"info"}
{"message":"Listen port 3000","level":"info"}
{"message":"connected to mongodb...","level":"info"}
{"message":"Listen port 3000","level":"info"}
{"message":"connected to mongodb...","level":"info"}
{"message":"Listen port 3000","level":"info"}
{"message":"connected to mongodb...","level":"info"}
{"message":"Listen port 3000","level":"info"}
{"message":"connected to mongodb...","level":"info"}
{"expose":true,"statusCode":400,"status":400,"body":"{\n\t\"title\": \"shubham2@gmail.com\",\n\t\"description\t\": \"Password1!\"\n}","type":"entity.parse.failed","level":"error","message":"Unexpected token \t in JSON at position 47Unexpected token \t in JSON at position 47","stack":"SyntaxError: Unexpected token \t in JSON at position 47\n    at JSON.parse (<anonymous>)\n    at parse (/Users/patronous1/Documents/shubham/Node with mongo/node-basic-code/node_modules/body-parser/lib/types/json.js:89:19)\n    at /Users/patronous1/Documents/shubham/Node with mongo/node-basic-code/node_modules/body-parser/lib/read.js:121:18\n    at invokeCallback (/Users/patronous1/Documents/shubham/Node with mongo/node-basic-code/node_modules/raw-body/index.js:224:16)\n    at done (/Users/patronous1/Documents/shubham/Node with mongo/node-basic-code/node_modules/raw-body/index.js:213:7)\n    at IncomingMessage.onEnd (/Users/patronous1/Documents/shubham/Node with mongo/node-basic-code/node_modules/raw-body/index.js:273:7)\n    at IncomingMessage.emit (events.js:194:15)\n    at endReadableNT (_stream_readable.js:1125:12)\n    at process._tickCallback (internal/process/next_tick.js:63:19)"}
{"message":"Listen port 3000","level":"info"}
{"message":"connected to mongodb...","level":"info"}
{"message":"Listen port 3000","level":"info"}
{"message":"connected to mongodb...","level":"info"}
{"message":"Listen port 3000","level":"info"}
{"message":"connected to mongodb...","level":"info"}
{"message":"Listen port 3000","level":"info"}
{"message":"connected to mongodb...","level":"info"}
{"message":"Listen port 3000","level":"info"}
{"message":"connected to mongodb...","level":"info"}
{"message":"Listen port 3000","level":"info"}
{"message":"connected to mongodb...","level":"info"}
{"message":"Listen port 3000","level":"info"}
{"message":"connected to mongodb...","level":"info"}
{"message":"Listen port 3000","level":"info"}
{"message":"connected to mongodb...","level":"info"}
{"message":"Listen port 3000","level":"info"}
{"message":"connected to mongodb...","level":"info"}
{"message":"Listen port 3000","level":"info"}
{"message":"connected to mongodb...","level":"info"}
{"message":"Listen port 3000","level":"info"}
{"message":"connected to mongodb...","level":"info"}
{"message":"Listen port 3000","level":"info"}
{"message":"connected to mongodb...","level":"info"}
{"message":"Listen port 3000","level":"info"}
{"message":"connected to mongodb...","level":"info"}
{"message":"Listen port 3000","level":"info"}
{"message":"connected to mongodb...","level":"info"}
{"message":"Listen port 3000","level":"info"}
{"message":"connected to mongodb...","level":"info"}
{"message":"Listen port 3000","level":"info"}
{"message":"connected to mongodb...","level":"info"}
{"message":"Listen port 3000","level":"info"}
{"message":"connected to mongodb...","level":"info"}
{"message":"Listen port 3000","level":"info"}
{"message":"connected to mongodb...","level":"info"}
{"message":"Listen port 3000","level":"info"}
{"message":"connected to mongodb...","level":"info"}
{"message":"Listen port 3000","level":"info"}
{"message":"connected to mongodb...","level":"info"}
{"message":"Listen port 3000","level":"info"}
{"message":"connected to mongodb...","level":"info"}
{"message":"Listen port 3000","level":"info"}
{"message":"connected to mongodb...","level":"info"}
{"message":"Listen port 3000","level":"info"}
{"message":"connected to mongodb...","level":"info"}
{"message":"Listen port 3000","level":"info"}
{"message":"connected to mongodb...","level":"info"}
{"message":"Listen port 3000","level":"info"}
{"message":"connected to mongodb...","level":"info"}
{"message":"Listen port 3000","level":"info"}
{"message":"connected to mongodb...","level":"info"}
{"message":"Listen port 3000","level":"info"}
{"message":"connected to mongodb...","level":"info"}
{"message":"Listen port 3000","level":"info"}
{"message":"connected to mongodb...","level":"info"}
{"message":"Listen port 3000","level":"info"}
{"message":"connected to mongodb...","level":"info"}
{"message":"Listen port 3000","level":"info"}
{"message":"connected to mongodb...","level":"info"}
{"message":"Listen port 3000","level":"info"}
{"message":"connected to mongodb...","level":"info"}
{"message":"Listen port 3000","level":"info"}
{"message":"connected to mongodb...","level":"info"}
{"message":"Listen port 3000","level":"info"}
{"message":"connected to mongodb...","level":"info"}
{"message":"Listen port 3000","level":"info"}
{"message":"connected to mongodb...","level":"info"}
{"expose":true,"statusCode":400,"status":400,"body":"{\n\t\"name\": \"new tit4\",\n\t\"email\": \"shubhambabhulk@gmail.com\",\n\t\"Password1!\"\n}","type":"entity.parse.failed","level":"error","message":"Unexpected token } in JSON at position 75Unexpected token } in JSON at position 75","stack":"SyntaxError: Unexpected token } in JSON at position 75\n    at JSON.parse (<anonymous>)\n    at parse (/Users/patronous1/Documents/shubham/Node with mongo/node-basic-code/node_modules/body-parser/lib/types/json.js:89:19)\n    at /Users/patronous1/Documents/shubham/Node with mongo/node-basic-code/node_modules/body-parser/lib/read.js:121:18\n    at invokeCallback (/Users/patronous1/Documents/shubham/Node with mongo/node-basic-code/node_modules/raw-body/index.js:224:16)\n    at done (/Users/patronous1/Documents/shubham/Node with mongo/node-basic-code/node_modules/raw-body/index.js:213:7)\n    at IncomingMessage.onEnd (/Users/patronous1/Documents/shubham/Node with mongo/node-basic-code/node_modules/raw-body/index.js:273:7)\n    at IncomingMessage.emit (events.js:194:15)\n    at endReadableNT (_stream_readable.js:1125:12)\n    at process._tickCallback (internal/process/next_tick.js:63:19)"}
{"message":"Listen port 3000","level":"info"}
{"message":"connected to mongodb...","level":"info"}
{"message":"Listen port 3000","level":"info"}
{"message":"connected to mongodb...","level":"info"}
{"message":"Listen port 3000","level":"info"}
{"message":"connected to mongodb...","level":"info"}
{"message":"Listen port 3000","level":"info"}
{"message":"connected to mongodb...","level":"info"}
{"message":"Listen port 3000","level":"info"}
{"message":"connected to mongodb...","level":"info"}
{"message":"Listen port 3000","level":"info"}
{"message":"connected to mongodb...","level":"info"}
{"message":"Listen port 3000","level":"info"}
{"message":"connected to mongodb...","level":"info"}
{"message":"Listen port 3000","level":"info"}
{"message":"connected to mongodb...","level":"info"}
{"message":"Listen port 3000","level":"info"}
{"message":"connected to mongodb...","level":"info"}
{"message":"Listen port 3000","level":"info"}
{"message":"connected to mongodb...","level":"info"}
{"message":"Listen port 3000","level":"info"}
{"message":"connected to mongodb...","level":"info"}
{"message":"Listen port 3000","level":"info"}
{"message":"connected to mongodb...","level":"info"}
{"message":"Listen port 3000","level":"info"}
{"message":"connected to mongodb...","level":"info"}
{"message":"Listen port 3000","level":"info"}
{"message":"connected to mongodb...","level":"info"}
{"message":"Listen port 3000","level":"info"}
{"message":"connected to mongodb...","level":"info"}
{"message":"Listen port 3000","level":"info"}
{"message":"connected to mongodb...","level":"info"}
{"message":"Listen port 3000","level":"info"}
{"message":"connected to mongodb...","level":"info"}
{"message":"Listen port 3000","level":"info"}
{"message":"connected to mongodb...","level":"info"}
{"message":"Listen port 3000","level":"info"}
{"message":"connected to mongodb...","level":"info"}
{"message":"Listen port 3000","level":"info"}
{"message":"connected to mongodb...","level":"info"}
{"message":"Listen port 3000","level":"info"}
{"message":"connected to mongodb...","level":"info"}
{"message":"Listen port 3000","level":"info"}
{"message":"connected to mongodb...","level":"info"}
{"message":"Listen port 3000","level":"info"}
{"message":"connected to mongodb...","level":"info"}
{"message":"Listen port 3000","level":"info"}
{"message":"connected to mongodb...","level":"info"}
{"message":"Listen port 3000","level":"info"}
{"message":"connected to mongodb...","level":"info"}
{"message":"Listen port 3000","level":"info"}
{"message":"connected to mongodb...","level":"info"}
{"message":"Listen port 3000","level":"info"}
{"message":"connected to mongodb...","level":"info"}
{"message":"Listen port 3000","level":"info"}
{"message":"connected to mongodb...","level":"info"}
{"message":"Listen port 3000","level":"info"}
{"message":"connected to mongodb...","level":"info"}
{"message":"Listen port 3000","level":"info"}
{"message":"connected to mongodb...","level":"info"}
{"message":"Listen port 3000","level":"info"}
{"message":"connected to mongodb...","level":"info"}
{"message":"Listen port 3000","level":"info"}
{"message":"connected to mongodb...","level":"info"}
{"message":"Listen port 3000","level":"info"}
{"message":"connected to mongodb...","level":"info"}
{"message":"Listen port 3000","level":"info"}
{"message":"connected to mongodb...","level":"info"}
{"message":"Listen port 3000","level":"info"}
{"message":"connected to mongodb...","level":"info"}
{"message":"Listen port 3000","level":"info"}
{"message":"connected to mongodb...","level":"info"}
{"message":"Cast to ObjectId failed for value \"close\" at path \"_id\" for model \"news\"Cast to ObjectId failed for value \"close\" at path \"_id\" for model \"news\"","name":"CastError","stringValue":"\"close\"","value":"close","path":"_id","reason":{},"level":"error","stack":"CastError: Cast to ObjectId failed for value \"close\" at path \"_id\" for model \"news\"\n    at new CastError (/Users/patronous1/Documents/shubham/Node with mongo/news Project/news-node-api/node_modules/mongoose/lib/error/cast.js:29:11)\n    at model.Query.exec (/Users/patronous1/Documents/shubham/Node with mongo/news Project/news-node-api/node_modules/mongoose/lib/query.js:4331:21)\n    at model.Query.Query.then (/Users/patronous1/Documents/shubham/Node with mongo/news Project/news-node-api/node_modules/mongoose/lib/query.js:4423:15)\n    at process._tickCallback (internal/process/next_tick.js:68:7)"}
{"message":"Cast to ObjectId failed for value \"yes\" at path \"_id\" for model \"news\"Cast to ObjectId failed for value \"yes\" at path \"_id\" for model \"news\"","name":"CastError","stringValue":"\"yes\"","value":"yes","path":"_id","reason":{},"level":"error","stack":"CastError: Cast to ObjectId failed for value \"yes\" at path \"_id\" for model \"news\"\n    at new CastError (/Users/patronous1/Documents/shubham/Node with mongo/news Project/news-node-api/node_modules/mongoose/lib/error/cast.js:29:11)\n    at model.Query.exec (/Users/patronous1/Documents/shubham/Node with mongo/news Project/news-node-api/node_modules/mongoose/lib/query.js:4331:21)\n    at model.Query.Query.then (/Users/patronous1/Documents/shubham/Node with mongo/news Project/news-node-api/node_modules/mongoose/lib/query.js:4423:15)\n    at process._tickCallback (internal/process/next_tick.js:68:7)"}
{"message":"Cast to ObjectId failed for value \"yes\" at path \"_id\" for model \"news\"Cast to ObjectId failed for value \"yes\" at path \"_id\" for model \"news\"","name":"CastError","stringValue":"\"yes\"","value":"yes","path":"_id","reason":{},"level":"error","stack":"CastError: Cast to ObjectId failed for value \"yes\" at path \"_id\" for model \"news\"\n    at new CastError (/Users/patronous1/Documents/shubham/Node with mongo/news Project/news-node-api/node_modules/mongoose/lib/error/cast.js:29:11)\n    at model.Query.exec (/Users/patronous1/Documents/shubham/Node with mongo/news Project/news-node-api/node_modules/mongoose/lib/query.js:4331:21)\n    at model.Query.Query.then (/Users/patronous1/Documents/shubham/Node with mongo/news Project/news-node-api/node_modules/mongoose/lib/query.js:4423:15)\n    at process._tickCallback (internal/process/next_tick.js:68:7)"}
{"message":"Cast to ObjectId failed for value \"[object Object]\" at path \"_id\" for model \"news\"Cast to ObjectId failed for value \"[object Object]\" at path \"_id\" for model \"news\"","name":"CastError","stringValue":"\"[object Object]\"","value":"[object Object]","path":"_id","reason":{},"level":"error","stack":"CastError: Cast to ObjectId failed for value \"[object Object]\" at path \"_id\" for model \"news\"\n    at new CastError (/Users/patronous1/Documents/shubham/Node with mongo/news Project/news-node-api/node_modules/mongoose/lib/error/cast.js:29:11)\n    at model.Query.exec (/Users/patronous1/Documents/shubham/Node with mongo/news Project/news-node-api/node_modules/mongoose/lib/query.js:4331:21)\n    at model.Query.Query.then (/Users/patronous1/Documents/shubham/Node with mongo/news Project/news-node-api/node_modules/mongoose/lib/query.js:4423:15)\n    at process._tickCallback (internal/process/next_tick.js:68:7)"}
{"message":"Listen port 3000","level":"info"}
{"message":"connected to mongodb...","level":"info"}
{"message":"Listen port 3000","level":"info"}
{"message":"connected to mongodb...","level":"info"}
{"message":"Listen port 3000","level":"info"}
{"message":"connected to mongodb...","level":"info"}
{"message":"Listen port 3000","level":"info"}
{"message":"connected to mongodb...","level":"info"}
{"message":"Listen port 3000","level":"info"}
{"message":"connected to mongodb...","level":"info"}
{"message":"Listen port 3000","level":"info"}
{"message":"connected to mongodb...","level":"info"}
{"message":"Listen port 3000","level":"info"}
{"message":"connected to mongodb...","level":"info"}
{"message":"Listen port 3000","level":"info"}
{"message":"connected to mongodb...","level":"info"}
{"message":"Listen port 3000","level":"info"}
{"message":"connected to mongodb...","level":"info"}
{"message":"Listen port 3000","level":"info"}
{"message":"connected to mongodb...","level":"info"}
{"message":"Listen port 3000","level":"info"}
{"message":"connected to mongodb...","level":"info"}
{"message":"Listen port 3000","level":"info"}
{"message":"connected to mongodb...","level":"info"}
{"message":"Listen port 3000","level":"info"}
{"message":"connected to mongodb...","level":"info"}
{"message":"Listen port 3000","level":"info"}
{"message":"connected to mongodb...","level":"info"}
{"message":"Listen port 3000","level":"info"}
{"message":"connected to mongodb...","level":"info"}
{"message":"Listen port 3000","level":"info"}
{"message":"connected to mongodb...","level":"info"}
{"message":"Listen port 3000","level":"info"}
{"message":"connected to mongodb...","level":"info"}
{"message":"Listen port 3000","level":"info"}
{"message":"connected to mongodb...","level":"info"}
{"message":"Listen port 3000","level":"info"}
{"message":"connected to mongodb...","level":"info"}
{"message":"Listen port 3000","level":"info"}
{"message":"connected to mongodb...","level":"info"}
{"message":"Listen port 3000","level":"info"}
{"message":"connected to mongodb...","level":"info"}
{"message":"Listen port 3000","level":"info"}
{"message":"connected to mongodb...","level":"info"}
{"message":"Listen port 3000","level":"info"}
{"message":"connected to mongodb...","level":"info"}
{"message":"Listen port 3000","level":"info"}
{"message":"connected to mongodb...","level":"info"}
{"message":"Listen port 3000","level":"info"}
{"message":"connected to mongodb...","level":"info"}
